0 info it worked if it ends with ok
1 verbose cli [ 'node', '/usr/local/bin/npm', 'install', 'MySQL' ]
2 info using npm@1.4.28
3 info using node@v0.10.35
4 verbose config Skipping project config: /Users/pinost/.npmrc. (matches userconfig)
5 verbose cache add [ 'MySQL', null ]
6 verbose cache add name=undefined spec="MySQL" args=["MySQL",null]
7 verbose parsed url { protocol: null,
7 verbose parsed url   slashes: null,
7 verbose parsed url   auth: null,
7 verbose parsed url   host: null,
7 verbose parsed url   port: null,
7 verbose parsed url   hostname: null,
7 verbose parsed url   hash: null,
7 verbose parsed url   search: null,
7 verbose parsed url   query: null,
7 verbose parsed url   pathname: 'MySQL',
7 verbose parsed url   path: 'MySQL',
7 verbose parsed url   href: 'MySQL' }
8 silly lockFile deaa0c39-MySQL MySQL
9 verbose lock MySQL /Users/pinost/.npm/deaa0c39-MySQL.lock
10 silly lockFile deaa0c39-MySQL MySQL
11 silly lockFile deaa0c39-MySQL MySQL
12 verbose addNamed [ 'MySQL', '' ]
13 verbose addNamed [ null, '*' ]
14 silly lockFile 7991ec45-MySQL MySQL@
15 verbose lock MySQL@ /Users/pinost/.npm/7991ec45-MySQL.lock
16 silly addNameRange { name: 'MySQL', range: '*', hasData: false }
17 verbose request where is /MySQL
18 verbose request registry https://registry.npmjs.org/
19 verbose request id 43dc7e49f3170fa6
20 verbose url raw /MySQL
21 verbose url resolving [ 'https://registry.npmjs.org/', './MySQL' ]
22 verbose url resolved https://registry.npmjs.org/MySQL
23 verbose request where is https://registry.npmjs.org/MySQL
24 info trying registry request attempt 1 at 13:28:59
25 http GET https://registry.npmjs.org/MySQL
26 http 404 https://registry.npmjs.org/MySQL
27 verbose headers { date: 'Tue, 27 Jan 2015 04:29:00 GMT',
27 verbose headers   server: 'CouchDB/1.5.0 (Erlang OTP/R16B03)',
27 verbose headers   'content-type': 'application/json',
27 verbose headers   'cache-control': 'max-age=0',
27 verbose headers   'content-length': '52',
27 verbose headers   'accept-ranges': 'bytes',
27 verbose headers   via: '1.1 varnish',
27 verbose headers   age: '0',
27 verbose headers   'x-served-by': 'cache-ty66-TYO',
27 verbose headers   'x-cache': 'MISS',
27 verbose headers   'x-cache-hits': '0',
27 verbose headers   'x-timer': 'S1422332940.071065,VS0,VE117',
27 verbose headers   'keep-alive': 'timeout=10, max=50',
27 verbose headers   connection: 'Keep-Alive' }
28 silly registry.get cb [ 404,
28 silly registry.get   { date: 'Tue, 27 Jan 2015 04:29:00 GMT',
28 silly registry.get     server: 'CouchDB/1.5.0 (Erlang OTP/R16B03)',
28 silly registry.get     'content-type': 'application/json',
28 silly registry.get     'cache-control': 'max-age=0',
28 silly registry.get     'content-length': '52',
28 silly registry.get     'accept-ranges': 'bytes',
28 silly registry.get     via: '1.1 varnish',
28 silly registry.get     age: '0',
28 silly registry.get     'x-served-by': 'cache-ty66-TYO',
28 silly registry.get     'x-cache': 'MISS',
28 silly registry.get     'x-cache-hits': '0',
28 silly registry.get     'x-timer': 'S1422332940.071065,VS0,VE117',
28 silly registry.get     'keep-alive': 'timeout=10, max=50',
28 silly registry.get     connection: 'Keep-Alive' } ]
29 silly lockFile 7991ec45-MySQL MySQL@
30 silly lockFile 7991ec45-MySQL MySQL@
31 error 404 404 Not Found: MySQL
31 error 404
31 error 404 'MySQL' is not in the npm registry.
31 error 404 You should bug the author to publish it
31 error 404
31 error 404 Note that you can also install from a
31 error 404 tarball, folder, or http url, or git url.
32 error System Darwin 13.4.0
33 error command "node" "/usr/local/bin/npm" "install" "MySQL"
34 error cwd /Users/pinost/GitHub/RESTful-node.js
35 error node -v v0.10.35
36 error npm -v 1.4.28
37 error code E404
38 verbose exit [ 1, true ]
